Added Component: Designator=C1(RAD-0.2)
Added Component: Designator=D1(LED3-RED)
Added Component: Designator=D2(DO-41)
Add component (AddParameter): Name = "Code_JEDEC"; Value = "DO-204-AL"; VariantName = "[No Variations]"
Add component (AddParameter): Name = "ComponentLink1Description"; Value = "Manufacturer Link"; VariantName = "[No Variations]"
Add component (AddParameter): Name = "ComponentLink1URL"; Value = "http://www.fairchildsemi.com/"; VariantName = "[No Variations]"
Add component (AddParameter): Name = "ComponentLink2Description"; Value = "Datasheet"; VariantName = "[No Variations]"
Add component (AddParameter): Name = "ComponentLink2URL"; Value = "http://www.fairchildsemi.com/ds/1N%2F1N4001.pdf"; VariantName = "[No Variations]"
Add component (AddParameter): Name = "DatasheetVersion"; Value = "1998"; VariantName = "[No Variations]"
Add component (AddParameter): Name = "LatestRevisionDate"; Value = "17-Jul-2002"; VariantName = "[No Variations]"
Add component (AddParameter): Name = "LatestRevisionNote"; Value = "Re-released for DXP Platform."; VariantName = "[No Variations]"
Add component (AddParameter): Name = "PackageDescription"; Value = "Diode, Axial; Body 5.2 x 2.7 mm (LxDia. max), Lead Dia. 0.86 mm (max)"; VariantName = "[No Variations]"
Add component (AddParameter): Name = "PackageReference"; Value = "DO-41"; VariantName = "[No Variations]"
Add component (AddParameter): Name = "PackageVersion"; Value = "Aug-1999"; VariantName = "[No Variations]"
Add component (AddParameter): Name = "Published"; Value = "8-Jun-2000"; VariantName = "[No Variations]"
Add component (AddParameter): Name = "Publisher"; Value = "Altium Limited"; VariantName = "[No Variations]"
Added Component: Designator=DC1(DC-005)
Added Component: Designator=EC1(DIP-EC3.5X8X11.5)
Added Component: Designator=Q1(TO-92A)
Added Component: Designator=R1(AXIAL0.4)
Added Component: Designator=R2(AXIAL0.4)
Added Component: Designator=R3(AXIAL0.4)
Added Component: Designator=R4(AXIAL0.4)
Added Component: Designator=R5(AXIAL0.4)
Added Component: Designator=R6(AXIAL0.4)
Added Component: Designator=RG1(Photoresistor)
Added Component: Designator=U1(P008)
Add component (AddParameter): Name = "Code_JEDEC"; Value = "MO-001-AN"; VariantName = "[No Variations]"
Add component (AddParameter): Name = "ComponentLink1Description"; Value = "Manufacturer Link"; VariantName = "[No Variations]"
Add component (AddParameter): Name = "ComponentLink1URL"; Value = "http://www.ti.com/"; VariantName = "[No Variations]"
Add component (AddParameter): Name = "ComponentLink2Description"; Value = "Datasheet"; VariantName = "[No Variations]"
Add component (AddParameter): Name = "ComponentLink2URL"; Value = "http://www-s.ti.com/sc/ds/lm358.pdf"; VariantName = "[No Variations]"
Add component (AddParameter): Name = "DatasheetVersion"; Value = "Jul-1998"; VariantName = "[No Variations]"
Add component (AddParameter): Name = "LatestRevisionDate"; Value = "04-Mar-2005"; VariantName = "[No Variations]"
Add component (AddParameter): Name = "LatestRevisionNote"; Value = "Stylized 3D Model Added."; VariantName = "[No Variations]"
Add component (AddParameter): Name = "PackageDescription"; Value = "DIP; 8 Leads; Row Spacing 7.62 mm; Pitch 2.54 mm"; VariantName = "[No Variations]"
Add component (AddParameter): Name = "PackageReference"; Value = "P008"; VariantName = "[No Variations]"
Add component (AddParameter): Name = "PackageVersion"; Value = "Jun-1999"; VariantName = "[No Variations]"
Add component (AddParameter): Name = "Published"; Value = "16-Jan-2001"; VariantName = "[No Variations]"
Add component (AddParameter): Name = "Publisher"; Value = "Altium Limited"; VariantName = "[No Variations]"
Added Component: Designator=VR1(3296W)
Added Component: Designator=VR2(3296W)
Added Pin To Net: NetName=GND Pin=C1-1
Added Pin To Net: NetName=+12V Pin=C1-2
Added Pin To Net: NetName=NetD1_A Pin=D1-A
Added Pin To Net: NetName=NetD1_K Pin=D1-K
Added Pin To Net: NetName=NetD1_K Pin=D2-1
Added Pin To Net: NetName=+12V Pin=D2-2
Added Pin To Net: NetName=+12V Pin=DC1-1
Added Pin To Net: NetName=GND Pin=DC1-2
Added Pin To Net: NetName=+12V Pin=EC1-1
Added Pin To Net: NetName=GND Pin=EC1-2
Added Pin To Net: NetName=NetQ1_B Pin=Q1-B
Added Pin To Net: NetName=NetD1_K Pin=Q1-C
Added Pin To Net: NetName=GND Pin=Q1-E
Added Pin To Net: NetName=NetD1_A Pin=R1-1
Added Pin To Net: NetName=+12V Pin=R1-2
Added Pin To Net: NetName=NetR2_1 Pin=R2-1
Added Pin To Net: NetName=+12V Pin=R2-2
Added Pin To Net: NetName=NetR3_1 Pin=R3-1
Added Pin To Net: NetName=+12V Pin=R3-2
Added Pin To Net: NetName=NetR4_1 Pin=R4-1
Added Pin To Net: NetName=NetQ1_B Pin=R4-2
Added Pin To Net: NetName=GND Pin=R5-1
Added Pin To Net: NetName=NetR5_2 Pin=R5-2
Added Pin To Net: NetName=GND Pin=R6-1
Added Pin To Net: NetName=NetR6_2 Pin=R6-2
Added Pin To Net: NetName=GND Pin=RG1-1
Added Pin To Net: NetName=NetRG1_2 Pin=RG1-2
Added Pin To Net: NetName=NetR5_2 Pin=U1-1
Added Pin To Net: NetName=NetR5_2 Pin=U1-2
Added Pin To Net: NetName=NetU1_3 Pin=U1-3
Added Pin To Net: NetName=GND Pin=U1-4
Added Pin To Net: NetName=NetR5_2 Pin=U1-5
Added Pin To Net: NetName=NetU1_6 Pin=U1-6
Added Pin To Net: NetName=NetR4_1 Pin=U1-7
Added Pin To Net: NetName=+12V Pin=U1-8
Added Pin To Net: NetName=NetR2_1 Pin=VR1-1
Added Pin To Net: NetName=NetR6_2 Pin=VR1-2
Added Pin To Net: NetName=NetU1_6 Pin=VR1-2
Added Pin To Net: NetName=NetR3_1 Pin=VR2-1
Added Pin To Net: NetName=NetRG1_2 Pin=VR2-2
Added Pin To Net: NetName=NetU1_3 Pin=VR2-2
Added Member To Class: ClassName=Sheet1 Member=Component C1 100nF
Added Member To Class: ClassName=Sheet1 Member=Component D1 LED-3528
Added Member To Class: ClassName=Sheet1 Member=Component D2 Diode 1N4007
Added Member To Class: ClassName=Sheet1 Member=Component DC1 DC_Socket
Added Member To Class: ClassName=Sheet1 Member=Component EC1 220uF/25V
Added Member To Class: ClassName=Sheet1 Member=Component Q1 S8050
Added Member To Class: ClassName=Sheet1 Member=Component R1 1K
Added Member To Class: ClassName=Sheet1 Member=Component R2 1K
Added Member To Class: ClassName=Sheet1 Member=Component R3 1K
Added Member To Class: ClassName=Sheet1 Member=Component R4 1K
Added Member To Class: ClassName=Sheet1 Member=Component R5 5.1K
Added Member To Class: ClassName=Sheet1 Member=Component R6 1K
Added Member To Class: ClassName=Sheet1 Member=Component RG1 5506
Added Member To Class: ClassName=Sheet1 Member=Component U1 LM358P
Added Member To Class: ClassName=Sheet1 Member=Component VR1 RESVR
Added Member To Class: ClassName=Sheet1 Member=Component VR2 RESVR
Added Room: Name=Sheet1
