Removed Member From Class: ClassName=Sheet1 Member=R?
Change Component Designator: OldDesignator=R2 NewDesignator=R3
Change Component Designator: OldDesignator=R3 NewDesignator=R4
Change Component Designator: OldDesignator=R4 NewDesignator=R5
Change Component Designator: OldDesignator=R5 NewDesignator=R7
Change Component Designator: OldDesignator=R6 NewDesignator=R8
Change Component Designator: OldDesignator=R? NewDesignator=R2
Change Component Designator: OldDesignator=R? NewDesignator=R6
Added Pin To Net: NetName=NetU1_6 Pin=VR1-2
Added Pin To Net: NetName=NetRG1_2 Pin=VR2-2
Change Net Name : Old Net Name=NetR2_1 New Net Name=NetR3_1
Change Net Name : Old Net Name=NetR3_1 New Net Name=NetR4_1
Change Net Name : Old Net Name=NetR4_1 New Net Name=NetR5_1
Change Net Name : Old Net Name=NetR5_2 New Net Name=NetR2_2
Change Net Name : Old Net Name=NetR6_2 New Net Name=NetR8_2
Change Net Name : Old Net Name=NetR?_1 New Net Name=NetR6_1
Change Net Name : Old Net Name=NetR?_2 New Net Name=NetR6_2
Added Pin To Net: NetName=NetR2_1 Pin=R2-1
Added Pin To Net: NetName=NetR2_1 Pin=U1-1
Added Pin To Net: NetName=NetR2_1 Pin=U1-5
Added Net: Name=NetR2_1
Added Member To Class: ClassName=Sheet1 Member=Component R7 5.1K
Added Member To Class: ClassName=Sheet1 Member=Component R8 1K
